0 info it worked if it ends with ok
1 verbose cli [ 'C:\\Program Files\\nodejs\\node.exe',
1 verbose cli   'C:\\Program Files\\nodejs\\node_modules\\npm\\bin\\npm-cli.js',
1 verbose cli   'install' ]
2 info using npm@3.10.10
3 info using node@v6.10.1
4 silly loadCurrentTree Starting
5 silly install loadCurrentTree
6 silly install readLocalPackageData
7 silly install normalizeTree
8 silly loadCurrentTree Finishing
9 silly loadIdealTree Starting
10 silly install loadIdealTree
11 silly cloneCurrentTree Starting
12 silly install cloneCurrentTreeToIdealTree
13 silly cloneCurrentTree Finishing
14 silly loadShrinkwrap Starting
15 silly install loadShrinkwrap
16 silly loadShrinkwrap Finishing
17 silly loadAllDepsIntoIdealTree Starting
18 silly install loadAllDepsIntoIdealTree
19 silly fetchNamedPackageData angular-resource
20 silly mapToRegistry name angular-resource
21 silly mapToRegistry using default registry
22 silly mapToRegistry registry https://registry.npmjs.org/
23 silly mapToRegistry data Result {
23 silly mapToRegistry   raw: 'angular-resource',
23 silly mapToRegistry   scope: null,
23 silly mapToRegistry   escapedName: 'angular-resource',
23 silly mapToRegistry   name: 'angular-resource',
23 silly mapToRegistry   rawSpec: '',
23 silly mapToRegistry   spec: 'latest',
23 silly mapToRegistry   type: 'tag' }
24 silly mapToRegistry uri https://registry.npmjs.org/angular-resource
25 silly fetchNamedPackageData angular-route
26 silly mapToRegistry name angular-route
27 silly mapToRegistry using default registry
28 silly mapToRegistry registry https://registry.npmjs.org/
29 silly mapToRegistry data Result {
29 silly mapToRegistry   raw: 'angular-route',
29 silly mapToRegistry   scope: null,
29 silly mapToRegistry   escapedName: 'angular-route',
29 silly mapToRegistry   name: 'angular-route',
29 silly mapToRegistry   rawSpec: '',
29 silly mapToRegistry   spec: 'latest',
29 silly mapToRegistry   type: 'tag' }
30 silly mapToRegistry uri https://registry.npmjs.org/angular-route
31 silly fetchNamedPackageData angular
32 silly mapToRegistry name angular
33 silly mapToRegistry using default registry
34 silly mapToRegistry registry https://registry.npmjs.org/
35 silly mapToRegistry data Result {
35 silly mapToRegistry   raw: 'angular',
35 silly mapToRegistry   scope: null,
35 silly mapToRegistry   escapedName: 'angular',
35 silly mapToRegistry   name: 'angular',
35 silly mapToRegistry   rawSpec: '',
35 silly mapToRegistry   spec: 'latest',
35 silly mapToRegistry   type: 'tag' }
36 silly mapToRegistry uri https://registry.npmjs.org/angular
37 verbose request uri https://registry.npmjs.org/angular-resource
38 verbose request no auth needed
39 info attempt registry request try #1 at 14:23:02
40 verbose request id 404041ff0ced2687
41 http request GET https://registry.npmjs.org/angular-resource
42 verbose request uri https://registry.npmjs.org/angular-route
43 verbose request no auth needed
44 info attempt registry request try #1 at 14:23:02
45 http request GET https://registry.npmjs.org/angular-route
46 verbose request uri https://registry.npmjs.org/angular
47 verbose request no auth needed
48 info attempt registry request try #1 at 14:23:02
49 http request GET https://registry.npmjs.org/angular
50 http 200 https://registry.npmjs.org/angular-route
51 verbose headers { server: 'nginx/1.10.1',
51 verbose headers   'content-type': 'application/json',
51 verbose headers   'last-modified': 'Fri, 07 Apr 2017 14:50:17 GMT',
51 verbose headers   etag: 'W/"58e7a729-17d06"',
51 verbose headers   'content-encoding': 'gzip',
51 verbose headers   'cache-control': 'max-age=300',
51 verbose headers   'content-length': '10487',
51 verbose headers   'accept-ranges': 'bytes',
51 verbose headers   date: 'Sat, 08 Apr 2017 12:23:03 GMT',
51 verbose headers   via: '1.1 varnish',
51 verbose headers   age: '71',
51 verbose headers   connection: 'keep-alive',
51 verbose headers   'x-served-by': 'cache-fra1250-FRA',
51 verbose headers   'x-cache': 'HIT',
51 verbose headers   'x-cache-hits': '1',
51 verbose headers   'x-timer': 'S1491654183.277467,VS0,VE0',
51 verbose headers   vary: 'Accept-Encoding' }
52 silly get cb [ 200,
52 silly get   { server: 'nginx/1.10.1',
52 silly get     'content-type': 'application/json',
52 silly get     'last-modified': 'Fri, 07 Apr 2017 14:50:17 GMT',
52 silly get     etag: 'W/"58e7a729-17d06"',
52 silly get     'content-encoding': 'gzip',
52 silly get     'cache-control': 'max-age=300',
52 silly get     'content-length': '10487',
52 silly get     'accept-ranges': 'bytes',
52 silly get     date: 'Sat, 08 Apr 2017 12:23:03 GMT',
52 silly get     via: '1.1 varnish',
52 silly get     age: '71',
52 silly get     connection: 'keep-alive',
52 silly get     'x-served-by': 'cache-fra1250-FRA',
52 silly get     'x-cache': 'HIT',
52 silly get     'x-cache-hits': '1',
52 silly get     'x-timer': 'S1491654183.277467,VS0,VE0',
52 silly get     vary: 'Accept-Encoding' } ]
53 verbose get saving angular-route to C:\Users\Beata\AppData\Roaming\npm-cache\registry.npmjs.org\angular-route\.cache.json
54 verbose correctMkdir C:\Users\Beata\AppData\Roaming\npm-cache correctMkdir not in flight; initializing
55 http 200 https://registry.npmjs.org/angular-resource
56 verbose headers { server: 'nginx/1.10.1',
56 verbose headers   'content-type': 'application/json',
56 verbose headers   'last-modified': 'Fri, 31 Mar 2017 09:33:30 GMT',
56 verbose headers   etag: 'W/"58de226a-199d9"',
56 verbose headers   'content-encoding': 'gzip',
56 verbose headers   'cache-control': 'max-age=300',
56 verbose headers   'content-length': '10803',
56 verbose headers   'accept-ranges': 'bytes',
56 verbose headers   date: 'Sat, 08 Apr 2017 12:23:03 GMT',
56 verbose headers   via: '1.1 varnish',
56 verbose headers   age: '71',
56 verbose headers   connection: 'keep-alive',
56 verbose headers   'x-served-by': 'cache-fra1249-FRA',
56 verbose headers   'x-cache': 'HIT',
56 verbose headers   'x-cache-hits': '1',
56 verbose headers   'x-timer': 'S1491654183.258547,VS0,VE0',
56 verbose headers   vary: 'Accept-Encoding' }
57 silly get cb [ 200,
57 silly get   { server: 'nginx/1.10.1',
57 silly get     'content-type': 'application/json',
57 silly get     'last-modified': 'Fri, 31 Mar 2017 09:33:30 GMT',
57 silly get     etag: 'W/"58de226a-199d9"',
57 silly get     'content-encoding': 'gzip',
57 silly get     'cache-control': 'max-age=300',
57 silly get     'content-length': '10803',
57 silly get     'accept-ranges': 'bytes',
57 silly get     date: 'Sat, 08 Apr 2017 12:23:03 GMT',
57 silly get     via: '1.1 varnish',
57 silly get     age: '71',
57 silly get     connection: 'keep-alive',
57 silly get     'x-served-by': 'cache-fra1249-FRA',
57 silly get     'x-cache': 'HIT',
57 silly get     'x-cache-hits': '1',
57 silly get     'x-timer': 'S1491654183.258547,VS0,VE0',
57 silly get     vary: 'Accept-Encoding' } ]
58 verbose get saving angular-resource to C:\Users\Beata\AppData\Roaming\npm-cache\registry.npmjs.org\angular-resource\.cache.json
59 verbose correctMkdir C:\Users\Beata\AppData\Roaming\npm-cache correctMkdir already in flight; waiting
60 http 200 https://registry.npmjs.org/angular
61 verbose headers { server: 'nginx/1.10.1',
61 verbose headers   'content-type': 'application/json',
61 verbose headers   'last-modified': 'Fri, 07 Apr 2017 14:15:38 GMT',
61 verbose headers   etag: 'W/"58e79f0a-24ae7"',
61 verbose headers   'content-encoding': 'gzip',
61 verbose headers   'cache-control': 'max-age=300',
61 verbose headers   'content-length': '15433',
61 verbose headers   'accept-ranges': 'bytes',
61 verbose headers   date: 'Sat, 08 Apr 2017 12:23:03 GMT',
61 verbose headers   via: '1.1 varnish',
61 verbose headers   age: '281',
61 verbose headers   connection: 'keep-alive',
61 verbose headers   'x-served-by': 'cache-fra1240-FRA',
61 verbose headers   'x-cache': 'HIT',
61 verbose headers   'x-cache-hits': '1',
61 verbose headers   'x-timer': 'S1491654183.266415,VS0,VE0',
61 verbose headers   vary: 'Accept-Encoding' }
62 silly get cb [ 200,
62 silly get   { server: 'nginx/1.10.1',
62 silly get     'content-type': 'application/json',
62 silly get     'last-modified': 'Fri, 07 Apr 2017 14:15:38 GMT',
62 silly get     etag: 'W/"58e79f0a-24ae7"',
62 silly get     'content-encoding': 'gzip',
62 silly get     'cache-control': 'max-age=300',
62 silly get     'content-length': '15433',
62 silly get     'accept-ranges': 'bytes',
62 silly get     date: 'Sat, 08 Apr 2017 12:23:03 GMT',
62 silly get     via: '1.1 varnish',
62 silly get     age: '281',
62 silly get     connection: 'keep-alive',
62 silly get     'x-served-by': 'cache-fra1240-FRA',
62 silly get     'x-cache': 'HIT',
62 silly get     'x-cache-hits': '1',
62 silly get     'x-timer': 'S1491654183.266415,VS0,VE0',
62 silly get     vary: 'Accept-Encoding' } ]
63 verbose get saving angular to C:\Users\Beata\AppData\Roaming\npm-cache\registry.npmjs.org\angular\.cache.json
64 verbose correctMkdir C:\Users\Beata\AppData\Roaming\npm-cache correctMkdir not in flight; initializing
65 silly resolveWithNewModule angular-route@1.5.11 checking installable status
66 silly cache add args [ 'angular-route@1.5.11', null ]
67 verbose cache add spec angular-route@1.5.11
68 silly cache add parsed spec Result {
68 silly cache add   raw: 'angular-route@1.5.11',
68 silly cache add   scope: null,
68 silly cache add   escapedName: 'angular-route',
68 silly cache add   name: 'angular-route',
68 silly cache add   rawSpec: '1.5.11',
68 silly cache add   spec: '1.5.11',
68 silly cache add   type: 'version' }
69 silly addNamed angular-route@1.5.11
70 verbose addNamed "1.5.11" is a plain semver version for angular-route
71 silly mapToRegistry name angular-route
72 silly mapToRegistry using default registry
73 silly mapToRegistry registry https://registry.npmjs.org/
74 silly mapToRegistry data Result {
74 silly mapToRegistry   raw: 'angular-route',
74 silly mapToRegistry   scope: null,
74 silly mapToRegistry   escapedName: 'angular-route',
74 silly mapToRegistry   name: 'angular-route',
74 silly mapToRegistry   rawSpec: '',
74 silly mapToRegistry   spec: 'latest',
74 silly mapToRegistry   type: 'tag' }
75 silly mapToRegistry uri https://registry.npmjs.org/angular-route
76 verbose addNameVersion registry:https://registry.npmjs.org/angular-route not in flight; fetching
77 silly fetchPackageMetaData Error: No compatible version found: angular-resource@1.15.11
77 silly fetchPackageMetaData Valid install targets:
77 silly fetchPackageMetaData 1.6.4, 1.6.3, 1.6.2, 1.6.1, 1.6.0, 1.6.0-rc.2, 1.6.0-rc.1, 1.6.0-rc.0, 1.5.11, 1.5.10, 1.5.9, 1.5.8, 1.5.7, 1.5.6, 1.5.5, 1.5.3, 1.5.2, 1.5.1, 1.5.0, 1.5.0-rc.2, 1.5.0-rc.1, 1.5.0-rc.0, 1.5.0-beta.2, 1.5.0-beta.0, 1.4.14, 1.4.13, 1.4.12, 1.4.11, 1.4.10, 1.4.9, 1.4.8, 1.4.7, 1.4.6, 1.4.5, 1.4.4, 1.4.3, 1.4.2, 1.4.1, 1.4.0, 1.4.0-rc.2, 1.4.0-rc.1, 1.4.0-rc.0, 1.4.0-beta.6, 1.4.0-beta.5, 1.4.0-beta.4, 1.4.0-beta.3, 1.4.0-beta.2, 1.4.0-beta.1, 1.4.0-beta.0, 1.3.20, 1.3.19, 1.3.18, 1.3.17, 1.3.16, 1.3.15, 1.3.14, 1.3.13, 1.3.12, 1.3.11, 1.3.10, 1.3.9, 1.3.8, 1.3.7, 1.3.6, 1.3.5, 1.3.4, 1.3.4-build.3587, 1.3.3, 1.3.2, 1.3.1, 1.3.0, 1.3.0-rc.5, 1.2.32, 1.2.31, 1.2.30, 1.2.29, 1.2.28, 1.2.27, 0.1.1, 0.1.0, 0.0.2, 0.0.1
77 silly fetchPackageMetaData
77 silly fetchPackageMetaData     at pickVersionFromRegistryDocument (C:\Program Files\nodejs\node_modules\npm\lib\fetch-package-metadata.js:178:16)
77 silly fetchPackageMetaData     at C:\Program Files\nodejs\node_modules\npm\node_modules\iferr\index.js:13:50
77 silly fetchPackageMetaData     at C:\Program Files\nodejs\node_modules\npm\lib\utils\pulse-till-done.js:20:8
77 silly fetchPackageMetaData     at saved (C:\Program Files\nodejs\node_modules\npm\lib\cache\caching-client.js:174:7)
77 silly fetchPackageMetaData     at C:\Program Files\nodejs\node_modules\npm\node_modules\graceful-fs\polyfills.js:241:18
77 silly fetchPackageMetaData     at FSReqWrap.oncomplete (fs.js:123:15)
77 silly fetchPackageMetaData  error for angular-resource@1.15.11 { Error: No compatible version found: angular-resource@1.15.11
77 silly fetchPackageMetaData Valid install targets:
77 silly fetchPackageMetaData 1.6.4, 1.6.3, 1.6.2, 1.6.1, 1.6.0, 1.6.0-rc.2, 1.6.0-rc.1, 1.6.0-rc.0, 1.5.11, 1.5.10, 1.5.9, 1.5.8, 1.5.7, 1.5.6, 1.5.5, 1.5.3, 1.5.2, 1.5.1, 1.5.0, 1.5.0-rc.2, 1.5.0-rc.1, 1.5.0-rc.0, 1.5.0-beta.2, 1.5.0-beta.0, 1.4.14, 1.4.13, 1.4.12, 1.4.11, 1.4.10, 1.4.9, 1.4.8, 1.4.7, 1.4.6, 1.4.5, 1.4.4, 1.4.3, 1.4.2, 1.4.1, 1.4.0, 1.4.0-rc.2, 1.4.0-rc.1, 1.4.0-rc.0, 1.4.0-beta.6, 1.4.0-beta.5, 1.4.0-beta.4, 1.4.0-beta.3, 1.4.0-beta.2, 1.4.0-beta.1, 1.4.0-beta.0, 1.3.20, 1.3.19, 1.3.18, 1.3.17, 1.3.16, 1.3.15, 1.3.14, 1.3.13, 1.3.12, 1.3.11, 1.3.10, 1.3.9, 1.3.8, 1.3.7, 1.3.6, 1.3.5, 1.3.4, 1.3.4-build.3587, 1.3.3, 1.3.2, 1.3.1, 1.3.0, 1.3.0-rc.5, 1.2.32, 1.2.31, 1.2.30, 1.2.29, 1.2.28, 1.2.27, 0.1.1, 0.1.0, 0.0.2, 0.0.1
77 silly fetchPackageMetaData
77 silly fetchPackageMetaData     at pickVersionFromRegistryDocument (C:\Program Files\nodejs\node_modules\npm\lib\fetch-package-metadata.js:178:16)
77 silly fetchPackageMetaData     at C:\Program Files\nodejs\node_modules\npm\node_modules\iferr\index.js:13:50
77 silly fetchPackageMetaData     at C:\Program Files\nodejs\node_modules\npm\lib\utils\pulse-till-done.js:20:8
77 silly fetchPackageMetaData     at saved (C:\Program Files\nodejs\node_modules\npm\lib\cache\caching-client.js:174:7)
77 silly fetchPackageMetaData     at C:\Program Files\nodejs\node_modules\npm\node_modules\graceful-fs\polyfills.js:241:18
77 silly fetchPackageMetaData     at FSReqWrap.oncomplete (fs.js:123:15) code: 'ETARGET' }
78 verbose get https://registry.npmjs.org/angular-route not expired, no request
79 silly resolveWithNewModule angular@1.5.11 checking installable status
80 silly cache add args [ 'angular@1.5.11', null ]
81 verbose cache add spec angular@1.5.11
82 silly cache add parsed spec Result {
82 silly cache add   raw: 'angular@1.5.11',
82 silly cache add   scope: null,
82 silly cache add   escapedName: 'angular',
82 silly cache add   name: 'angular',
82 silly cache add   rawSpec: '1.5.11',
82 silly cache add   spec: '1.5.11',
82 silly cache add   type: 'version' }
83 silly addNamed angular@1.5.11
84 verbose addNamed "1.5.11" is a plain semver version for angular
85 silly mapToRegistry name angular
86 silly mapToRegistry using default registry
87 silly mapToRegistry registry https://registry.npmjs.org/
88 silly mapToRegistry data Result {
88 silly mapToRegistry   raw: 'angular',
88 silly mapToRegistry   scope: null,
88 silly mapToRegistry   escapedName: 'angular',
88 silly mapToRegistry   name: 'angular',
88 silly mapToRegistry   rawSpec: '',
88 silly mapToRegistry   spec: 'latest',
88 silly mapToRegistry   type: 'tag' }
89 silly mapToRegistry uri https://registry.npmjs.org/angular
90 verbose addNameVersion registry:https://registry.npmjs.org/angular not in flight; fetching
91 silly mapToRegistry name angular-route
92 silly mapToRegistry using default registry
93 silly mapToRegistry registry https://registry.npmjs.org/
94 silly mapToRegistry data Result {
94 silly mapToRegistry   raw: 'angular-route',
94 silly mapToRegistry   scope: null,
94 silly mapToRegistry   escapedName: 'angular-route',
94 silly mapToRegistry   name: 'angular-route',
94 silly mapToRegistry   rawSpec: '',
94 silly mapToRegistry   spec: 'latest',
94 silly mapToRegistry   type: 'tag' }
95 silly mapToRegistry uri https://registry.npmjs.org/angular-route
96 verbose addRemoteTarball https://registry.npmjs.org/angular-route/-/angular-route-1.5.11.tgz not in flight; adding
97 verbose addRemoteTarball [ 'https://registry.npmjs.org/angular-route/-/angular-route-1.5.11.tgz',
97 verbose addRemoteTarball   '49614f3a167f54291e449fe8ba05d39c58924b83' ]
98 verbose get https://registry.npmjs.org/angular not expired, no request
99 silly mapToRegistry name angular
100 silly mapToRegistry using default registry
101 silly mapToRegistry registry https://registry.npmjs.org/
102 silly mapToRegistry data Result {
102 silly mapToRegistry   raw: 'angular',
102 silly mapToRegistry   scope: null,
102 silly mapToRegistry   escapedName: 'angular',
102 silly mapToRegistry   name: 'angular',
102 silly mapToRegistry   rawSpec: '',
102 silly mapToRegistry   spec: 'latest',
102 silly mapToRegistry   type: 'tag' }
103 silly mapToRegistry uri https://registry.npmjs.org/angular
104 verbose addRemoteTarball https://registry.npmjs.org/angular/-/angular-1.5.11.tgz not in flight; adding
105 verbose addRemoteTarball [ 'https://registry.npmjs.org/angular/-/angular-1.5.11.tgz',
105 verbose addRemoteTarball   '8c5ba7386f15965c9acf3429f6881553aada30d6' ]
106 info retry fetch attempt 1 at 14:23:03
107 info attempt registry request try #1 at 14:23:03
108 http fetch GET https://registry.npmjs.org/angular-route/-/angular-route-1.5.11.tgz
109 info retry fetch attempt 1 at 14:23:03
110 info attempt registry request try #1 at 14:23:03
111 http fetch GET https://registry.npmjs.org/angular/-/angular-1.5.11.tgz
112 http fetch 200 https://registry.npmjs.org/angular-route/-/angular-route-1.5.11.tgz
113 http fetch 200 https://registry.npmjs.org/angular/-/angular-1.5.11.tgz
114 silly fetchAndShaCheck shasum 49614f3a167f54291e449fe8ba05d39c58924b83
115 verbose addTmpTarball C:\Users\Beata\AppData\Local\Temp\npm-4208-afb1a023\registry.npmjs.org\angular-route\-\angular-route-1.5.11.tgz not in flight; adding
116 verbose addTmpTarball already have metadata; skipping unpack for angular-route@1.5.11
117 verbose correctMkdir C:\Users\Beata\AppData\Roaming\npm-cache correctMkdir not in flight; initializing
118 silly cache afterAdd angular-route@1.5.11
119 verbose afterAdd C:\Users\Beata\AppData\Roaming\npm-cache\angular-route\1.5.11\package\package.json not in flight; writing
120 verbose correctMkdir C:\Users\Beata\AppData\Roaming\npm-cache correctMkdir not in flight; initializing
121 verbose afterAdd C:\Users\Beata\AppData\Roaming\npm-cache\angular-route\1.5.11\package\package.json written
122 silly fetchAndShaCheck shasum 8c5ba7386f15965c9acf3429f6881553aada30d6
123 verbose addTmpTarball C:\Users\Beata\AppData\Local\Temp\npm-4208-afb1a023\registry.npmjs.org\angular\-\angular-1.5.11.tgz not in flight; adding
124 verbose addTmpTarball already have metadata; skipping unpack for angular@1.5.11
125 verbose correctMkdir C:\Users\Beata\AppData\Roaming\npm-cache correctMkdir not in flight; initializing
126 silly cache afterAdd angular@1.5.11
127 verbose afterAdd C:\Users\Beata\AppData\Roaming\npm-cache\angular\1.5.11\package\package.json not in flight; writing
128 verbose correctMkdir C:\Users\Beata\AppData\Roaming\npm-cache correctMkdir not in flight; initializing
129 verbose afterAdd C:\Users\Beata\AppData\Roaming\npm-cache\angular\1.5.11\package\package.json written
130 silly rollbackFailedOptional Starting
131 silly rollbackFailedOptional Finishing
132 silly runTopLevelLifecycles Finishing
133 silly install printInstalled
134 verbose stack Error: No compatible version found: angular-resource@1.15.11
134 verbose stack Valid install targets:
134 verbose stack 1.6.4, 1.6.3, 1.6.2, 1.6.1, 1.6.0, 1.6.0-rc.2, 1.6.0-rc.1, 1.6.0-rc.0, 1.5.11, 1.5.10, 1.5.9, 1.5.8, 1.5.7, 1.5.6, 1.5.5, 1.5.3, 1.5.2, 1.5.1, 1.5.0, 1.5.0-rc.2, 1.5.0-rc.1, 1.5.0-rc.0, 1.5.0-beta.2, 1.5.0-beta.0, 1.4.14, 1.4.13, 1.4.12, 1.4.11, 1.4.10, 1.4.9, 1.4.8, 1.4.7, 1.4.6, 1.4.5, 1.4.4, 1.4.3, 1.4.2, 1.4.1, 1.4.0, 1.4.0-rc.2, 1.4.0-rc.1, 1.4.0-rc.0, 1.4.0-beta.6, 1.4.0-beta.5, 1.4.0-beta.4, 1.4.0-beta.3, 1.4.0-beta.2, 1.4.0-beta.1, 1.4.0-beta.0, 1.3.20, 1.3.19, 1.3.18, 1.3.17, 1.3.16, 1.3.15, 1.3.14, 1.3.13, 1.3.12, 1.3.11, 1.3.10, 1.3.9, 1.3.8, 1.3.7, 1.3.6, 1.3.5, 1.3.4, 1.3.4-build.3587, 1.3.3, 1.3.2, 1.3.1, 1.3.0, 1.3.0-rc.5, 1.2.32, 1.2.31, 1.2.30, 1.2.29, 1.2.28, 1.2.27, 0.1.1, 0.1.0, 0.0.2, 0.0.1
134 verbose stack
134 verbose stack     at pickVersionFromRegistryDocument (C:\Program Files\nodejs\node_modules\npm\lib\fetch-package-metadata.js:178:16)
134 verbose stack     at C:\Program Files\nodejs\node_modules\npm\node_modules\iferr\index.js:13:50
134 verbose stack     at C:\Program Files\nodejs\node_modules\npm\lib\utils\pulse-till-done.js:20:8
134 verbose stack     at saved (C:\Program Files\nodejs\node_modules\npm\lib\cache\caching-client.js:174:7)
134 verbose stack     at C:\Program Files\nodejs\node_modules\npm\node_modules\graceful-fs\polyfills.js:241:18
134 verbose stack     at FSReqWrap.oncomplete (fs.js:123:15)
135 verbose cwd C:\Users\Beata\crud1\coderspro-angular-examples\coderspro-weather-app
136 error Windows_NT 10.0.10240
137 error argv "C:\\Program Files\\nodejs\\node.exe" "C:\\Program Files\\nodejs\\node_modules\\npm\\bin\\npm-cli.js" "install"
138 error node v6.10.1
139 error npm  v3.10.10
140 error code ETARGET
141 error notarget No compatible version found: angular-resource@1.15.11
141 error notarget Valid install targets:
141 error notarget 1.6.4, 1.6.3, 1.6.2, 1.6.1, 1.6.0, 1.6.0-rc.2, 1.6.0-rc.1, 1.6.0-rc.0, 1.5.11, 1.5.10, 1.5.9, 1.5.8, 1.5.7, 1.5.6, 1.5.5, 1.5.3, 1.5.2, 1.5.1, 1.5.0, 1.5.0-rc.2, 1.5.0-rc.1, 1.5.0-rc.0, 1.5.0-beta.2, 1.5.0-beta.0, 1.4.14, 1.4.13, 1.4.12, 1.4.11, 1.4.10, 1.4.9, 1.4.8, 1.4.7, 1.4.6, 1.4.5, 1.4.4, 1.4.3, 1.4.2, 1.4.1, 1.4.0, 1.4.0-rc.2, 1.4.0-rc.1, 1.4.0-rc.0, 1.4.0-beta.6, 1.4.0-beta.5, 1.4.0-beta.4, 1.4.0-beta.3, 1.4.0-beta.2, 1.4.0-beta.1, 1.4.0-beta.0, 1.3.20, 1.3.19, 1.3.18, 1.3.17, 1.3.16, 1.3.15, 1.3.14, 1.3.13, 1.3.12, 1.3.11, 1.3.10, 1.3.9, 1.3.8, 1.3.7, 1.3.6, 1.3.5, 1.3.4, 1.3.4-build.3587, 1.3.3, 1.3.2, 1.3.1, 1.3.0, 1.3.0-rc.5, 1.2.32, 1.2.31, 1.2.30, 1.2.29, 1.2.28, 1.2.27, 0.1.1, 0.1.0, 0.0.2, 0.0.1
142 error notarget This is most likely not a problem with npm itself.
142 error notarget In most cases you or one of your dependencies are requesting
142 error notarget a package version that doesn't exist.
142 error notarget
142 error notarget It was specified as a dependency of 'coderspro-weather-app'
143 verbose exit [ 1, true ]
